<?xml version="1.0" encoding="UTF-8" ?>
<testsuite tests="5" failures="0" name="org.mayconbordin.oauth2.client.OAuth2ClientTest" time="0.028" errors="0" skipped="0">
  <properties>
[...]
</properties>
  <testcase classname="org.mayconbordin.oauth2.client.OAuth2ClientTest" name="testGetAccessTokenGrantClientCredentials" time="0.002"/>
  <testcase classname="org.mayconbordin.oauth2.client.OAuth2ClientTest" name="testGetAccessTokenGrantPasswordWrongUserCredentials" time="0.008"/>
  <testcase classname="org.mayconbordin.oauth2.client.OAuth2ClientTest" name="testGetAccessTokenGrantClientCredentialsWrongUrl" time="0.003"/>
  <testcase classname="org.mayconbordin.oauth2.client.OAuth2ClientTest" name="testGetAccessTokenGrantPassword" time="0.003"/>
  <testcase classname="org.mayconbordin.oauth2.client.OAuth2ClientTest" name="testGetAccessTokenGrantClientCredentialsWrongCredentials" time="0.003"/>
</testsuite>